<?xml version="1.0" encoding="UTF-8"?>
<testsuite name="tests.UserModification" tests="2" skipped="2" failures="0" errors="0" timestamp="2022-11-06T12:01:30" hostname="DESKTOP-FMI0Q92" time="0.007">
  <properties/>
  <testcase name="changeAvatar" classname="tests.UserModification" time="0.001">
    <skipped/>
  </testcase>
  <testcase name="testNewTab" classname="tests.UserModification" time="0.0">
    <skipped/>
  </testcase>
  <system-out><![CDATA[]]></system-out>
  <system-err><![CDATA[]]></system-err>
</testsuite>
